<?xml version="1.0" encoding="UTF-8"?>
<testng-results ignored="0" total="1" passed="1" failed="0" skipped="0">
  <reporter-output>
  </reporter-output>
  <suite started-at="2022-11-30T01:01:27 IST" name="Suite" finished-at="2022-11-30T01:01:27 IST" duration-ms="31">
    <groups>
    </groups>
    <test started-at="2022-11-30T01:01:27 IST" name="Test" finished-at="2022-11-30T01:01:27 IST" duration-ms="31">
      <class name="userName.NameDemo">
        <test-method signature="test()[pri:0, instance:userName.NameDemo@1de5f259]" started-at="2022-11-30T01:01:27 IST" name="test" finished-at="2022-11-30T01:01:27 IST" duration-ms="6" status="PASS">
          <reporter-output>
          </reporter-output>
        </test-method> <!-- test -->
      </class> <!-- userName.NameDemo -->
    </test> <!-- Test -->
  </suite> <!-- Suite -->
</testng-results>
