<?xml version="1.0" encoding="UTF-8"?>
<testng-results ignored="0" total="1" passed="1" failed="0" skipped="0">
  <reporter-output>
  </reporter-output>
  <suite started-at="2022-11-30T00:00:19 IST" name="Suite" finished-at="2022-11-30T00:00:19 IST" duration-ms="37">
    <groups>
    </groups>
    <test started-at="2022-11-30T00:00:19 IST" name="Test" finished-at="2022-11-30T00:00:19 IST" duration-ms="37">
      <class name="package1.NameDemo">
        <test-method signature="test()[pri:0, instance:package1.NameDemo@1de5f259]" started-at="2022-11-30T00:00:19 IST" name="test" finished-at="2022-11-30T00:00:19 IST" duration-ms="8" status="PASS">
          <reporter-output>
          </reporter-output>
        </test-method> <!-- test -->
      </class> <!-- package1.NameDemo -->
    </test> <!-- Test -->
  </suite> <!-- Suite -->
</testng-results>
